
> ms-app@0.1.0 dev
> next dev

▲ Next.js 16.1.6 (Turbopack)
- Local:         http://localhost:3000
- Network:       http://192.168.0.2:3000

✓ Starting...
Attention: Next.js now collects completely anonymous telemetry regarding usage.
This information is used to shape Next.js' roadmap and prioritize features.
You can learn more, including how to opt-out if you'd not like to participate in this anonymous program, by visiting the following URL:
https://nextjs.org/telemetry

✓ Ready in 1162ms
  Reload env: .env
○ Compiling / ...
 GET / 200 in 5.3s (compile: 3.9s, render: 1366ms)
 GET /?startDate=2024-04-01 200 in 135ms (compile: 10ms, render: 125ms)
 GET /?endDate=2024-05-31 200 in 74ms (compile: 7ms, render: 67ms)
✓ Compiled in 687ms
✓ Compiled in 191ms
✓ Compiled in 292ms
 GET / 200 in 1755ms (compile: 483ms, render: 1272ms)
✓ Compiled in 334ms
 GET / 200 in 773ms (compile: 215ms, render: 558ms)
✓ Compiled in 367ms
 GET / 200 in 2.6s (compile: 674ms, render: 1896ms)
○ Compiling /cotizaciones/historial ...
 GET / 200 in 272ms (compile: 5ms, render: 267ms)
 GET /cotizaciones/historial?status=convertida 200 in 43ms (compile: 6ms, render: 37ms)
✓ Compiled in 369ms
✓ Compiled in 224ms
 GET / 200 in 886ms (compile: 201ms, render: 685ms)
 GET /cotizaciones/historial?startDate=2026-03-01&endDate=2026-03-19&status=convertida 200 in 148ms (compile: 98ms, render: 50ms)
 GET / 200 in 262ms (compile: 4ms, render: 258ms)
 GET /cotizaciones/historial?startDate=2026-03-01&endDate=2026-03-19&status=convertida 200 in 33ms (compile: 4ms, render: 30ms)
✓ Compiled in 140ms
